{"uid":"c0896634774f302f","name":"testlogin[1234567807-123456]","fullName":"testcases.TestLogin.TestLogin#testlogin","historyId":"631a9d7c489a6d1a0cfd3838672e5baf","time":{"start":1687858394775,"stop":1687858423087,"duration":28312},"status":"broken","statusMessage":"selenium.common.exceptions.NoSuchElementException: Message: An element could not be located on the page using the given search parameters.; For documentation on this error, please visit: https://www.selenium.dev/documentation/webdriver/troubleshooting/errors#no-such-element-exception\nStacktrace:\nNoSuchElementError: An element could not be located on the page using the given search parameters.\n    at AndroidUiautomator2Driver.findElOrEls (C:\\Users\\Administrator\\AppData\\Local\\Programs\\Appium\\resources\\app\\node_modules\\appium\\node_modules\\appium-android-driver\\lib\\commands\\find.js:75:11)\n    at processTicksAndRejections (internal/process/task_queues.js:85:5)","statusTrace":"self = <MainProject.testcases.TestLogin.TestLogin object at 0x00000119C0A47C10>\nphone = 1234567807, pswd = 123456\n\n    @allure.story(\"用户登录\")\n    @pytest.mark.parametrize('phone,pswd', DataTurn_excel.read_data_from_excel(\"../data/account.xlsx\", 'account'))\n    def testlogin(self, phone, pswd):\n        logging.info(\"用户登录用例执行\")\n        login_page = LoginPage(driver=self.driver)\n        self.driver.implicitly_wait(20)\n>       login_page.login(phone, pswd)\n\nTestLogin.py:43: \n_ _ _ _ _ _ _ _ _ _ _ _ _ _ _ _ _ _ _ _ _ _ _ _ _ _ _ _ _ _ _ _ _ _ _ _ _ _ _ _\n..\\pageobject\\LoginPage.py:23: in login\n    self.click(self.el_agreetrem)\n..\\base\\BasePage.py:21: in click\n    self.locator(loc).click()\n..\\base\\BasePage.py:12: in locator\n    return self.driver.find_element(*loc)\n..\\..\\venv\\lib\\site-packages\\appium\\webdriver\\webdriver.py:409: in find_element\n    return self.execute(RemoteCommand.FIND_ELEMENT, {'using': by, 'value': value})['value']\n..\\..\\venv\\lib\\site-packages\\selenium\\webdriver\\remote\\webdriver.py:346: in execute\n    self.error_handler.check_response(response)\n_ _ _ _ _ _ _ _ _ _ _ _ _ _ _ _ _ _ _ _ _ _ _ _ _ _ _ _ _ _ _ _ _ _ _ _ _ _ _ _\n\nself = <appium.webdriver.errorhandler.MobileErrorHandler object at 0x00000119C0A46950>\nresponse = {'status': 404, 'value': '{\"value\":{\"error\":\"no such element\",\"message\":\"An element could not be located on the page u...ver\\\\\\\\lib\\\\\\\\commands\\\\\\\\find.js:75:11)\\\\n    at processTicksAndRejections (internal/process/task_queues.js:85:5)\"}}'}\n\n    def check_response(self, response: Dict[str, Any]) -> None:\n        \"\"\"\n        https://www.w3.org/TR/webdriver/#errors\n        \"\"\"\n        payload = response.get('value', '')\n        try:\n            payload_dict = json.loads(payload)\n        except (json.JSONDecodeError, TypeError):\n            return\n        if not isinstance(payload_dict, dict):\n            return\n        value = payload_dict.get('value')\n        if not isinstance(value, dict):\n            return\n        error = value.get('error')\n        if not error:\n            return\n    \n        message = value.get('message', error)\n        stacktrace = value.get('stacktrace', '')\n        # In theory, we should also be checking HTTP status codes.\n        # Java client, for example, prints a warning if the actual `error`\n        # value does not match to the response's HTTP status code.\n        exception_class: Type[sel_exceptions.WebDriverException] = ERROR_TO_EXC_MAPPING.get(\n            error, sel_exceptions.WebDriverException\n        )\n        if exception_class is sel_exceptions.WebDriverException and message:\n            if message == 'No such context found.':\n                exception_class = appium_exceptions.NoSuchContextException\n            elif message == 'That command could not be executed in the current context.':\n                exception_class = appium_exceptions.InvalidSwitchToTargetException\n    \n        if exception_class is sel_exceptions.UnexpectedAlertPresentException:\n            raise sel_exceptions.UnexpectedAlertPresentException(\n                msg=message,\n                stacktrace=format_stacktrace(stacktrace),\n                alert_text=value.get('data'),\n            )\n>       raise exception_class(msg=message, stacktrace=format_stacktrace(stacktrace))\nE       selenium.common.exceptions.NoSuchElementException: Message: An element could not be located on the page using the given search parameters.; For documentation on this error, please visit: https://www.selenium.dev/documentation/webdriver/troubleshooting/errors#no-such-element-exception\nE       Stacktrace:\nE       NoSuchElementError: An element could not be located on the page using the given search parameters.\nE           at AndroidUiautomator2Driver.findElOrEls (C:\\Users\\Administrator\\AppData\\Local\\Programs\\Appium\\resources\\app\\node_modules\\appium\\node_modules\\appium-android-driver\\lib\\commands\\find.js:75:11)\nE           at processTicksAndRejections (internal/process/task_queues.js:85:5)\n\n..\\..\\venv\\lib\\site-packages\\appium\\webdriver\\errorhandler.py:122: NoSuchElementException","flaky":false,"newFailed":false,"newBroken":false,"newPassed":false,"retriesCount":0,"retriesStatusChange":false,"beforeStages":[{"name":"_xunit_setup_method_fixture_TestLogin","time":{"start":1687858371139,"stop":1687858394730,"duration":23591},"status":"passed","steps":[],"attachments":[],"parameters":[],"shouldDisplayMessage":false,"attachmentsCount":0,"hasContent":false,"stepsCount":0}],"testStage":{"status":"broken","statusMessage":"selenium.common.exceptions.NoSuchElementException: Message: An element could not be located on the page using the given search parameters.; For documentation on this error, please visit: https://www.selenium.dev/documentation/webdriver/troubleshooting/errors#no-such-element-exception\nStacktrace:\nNoSuchElementError: An element could not be located on the page using the given search parameters.\n    at AndroidUiautomator2Driver.findElOrEls (C:\\Users\\Administrator\\AppData\\Local\\Programs\\Appium\\resources\\app\\node_modules\\appium\\node_modules\\appium-android-driver\\lib\\commands\\find.js:75:11)\n    at processTicksAndRejections (internal/process/task_queues.js:85:5)","statusTrace":"self = <MainProject.testcases.TestLogin.TestLogin object at 0x00000119C0A47C10>\nphone = 1234567807, pswd = 123456\n\n    @allure.story(\"用户登录\")\n    @pytest.mark.parametrize('phone,pswd', DataTurn_excel.read_data_from_excel(\"../data/account.xlsx\", 'account'))\n    def testlogin(self, phone, pswd):\n        logging.info(\"用户登录用例执行\")\n        login_page = LoginPage(driver=self.driver)\n        self.driver.implicitly_wait(20)\n>       login_page.login(phone, pswd)\n\nTestLogin.py:43: \n_ _ _ _ _ _ _ _ _ _ _ _ _ _ _ _ _ _ _ _ _ _ _ _ _ _ _ _ _ _ _ _ _ _ _ _ _ _ _ _\n..\\pageobject\\LoginPage.py:23: in login\n    self.click(self.el_agreetrem)\n..\\base\\BasePage.py:21: in click\n    self.locator(loc).click()\n..\\base\\BasePage.py:12: in locator\n    return self.driver.find_element(*loc)\n..\\..\\venv\\lib\\site-packages\\appium\\webdriver\\webdriver.py:409: in find_element\n    return self.execute(RemoteCommand.FIND_ELEMENT, {'using': by, 'value': value})['value']\n..\\..\\venv\\lib\\site-packages\\selenium\\webdriver\\remote\\webdriver.py:346: in execute\n    self.error_handler.check_response(response)\n_ _ _ _ _ _ _ _ _ _ _ _ _ _ _ _ _ _ _ _ _ _ _ _ _ _ _ _ _ _ _ _ _ _ _ _ _ _ _ _\n\nself = <appium.webdriver.errorhandler.MobileErrorHandler object at 0x00000119C0A46950>\nresponse = {'status': 404, 'value': '{\"value\":{\"error\":\"no such element\",\"message\":\"An element could not be located on the page u...ver\\\\\\\\lib\\\\\\\\commands\\\\\\\\find.js:75:11)\\\\n    at processTicksAndRejections (internal/process/task_queues.js:85:5)\"}}'}\n\n    def check_response(self, response: Dict[str, Any]) -> None:\n        \"\"\"\n        https://www.w3.org/TR/webdriver/#errors\n        \"\"\"\n        payload = response.get('value', '')\n        try:\n            payload_dict = json.loads(payload)\n        except (json.JSONDecodeError, TypeError):\n            return\n        if not isinstance(payload_dict, dict):\n            return\n        value = payload_dict.get('value')\n        if not isinstance(value, dict):\n            return\n        error = value.get('error')\n        if not error:\n            return\n    \n        message = value.get('message', error)\n        stacktrace = value.get('stacktrace', '')\n        # In theory, we should also be checking HTTP status codes.\n        # Java client, for example, prints a warning if the actual `error`\n        # value does not match to the response's HTTP status code.\n        exception_class: Type[sel_exceptions.WebDriverException] = ERROR_TO_EXC_MAPPING.get(\n            error, sel_exceptions.WebDriverException\n        )\n        if exception_class is sel_exceptions.WebDriverException and message:\n            if message == 'No such context found.':\n                exception_class = appium_exceptions.NoSuchContextException\n            elif message == 'That command could not be executed in the current context.':\n                exception_class = appium_exceptions.InvalidSwitchToTargetException\n    \n        if exception_class is sel_exceptions.UnexpectedAlertPresentException:\n            raise sel_exceptions.UnexpectedAlertPresentException(\n                msg=message,\n                stacktrace=format_stacktrace(stacktrace),\n                alert_text=value.get('data'),\n            )\n>       raise exception_class(msg=message, stacktrace=format_stacktrace(stacktrace))\nE       selenium.common.exceptions.NoSuchElementException: Message: An element could not be located on the page using the given search parameters.; For documentation on this error, please visit: https://www.selenium.dev/documentation/webdriver/troubleshooting/errors#no-such-element-exception\nE       Stacktrace:\nE       NoSuchElementError: An element could not be located on the page using the given search parameters.\nE           at AndroidUiautomator2Driver.findElOrEls (C:\\Users\\Administrator\\AppData\\Local\\Programs\\Appium\\resources\\app\\node_modules\\appium\\node_modules\\appium-android-driver\\lib\\commands\\find.js:75:11)\nE           at processTicksAndRejections (internal/process/task_queues.js:85:5)\n\n..\\..\\venv\\lib\\site-packages\\appium\\webdriver\\errorhandler.py:122: NoSuchElementException","steps":[],"attachments":[{"uid":"1139eff08478da69","name":"log","source":"1139eff08478da69.txt","type":"text/plain","size":182}],"parameters":[],"shouldDisplayMessage":true,"attachmentsCount":1,"hasContent":true,"stepsCount":0},"afterStages":[{"name":"_xunit_setup_method_fixture_TestLogin::0","time":{"start":1687858423551,"stop":1687858439116,"duration":15565},"status":"passed","steps":[],"attachments":[],"parameters":[],"shouldDisplayMessage":false,"attachmentsCount":0,"hasContent":false,"stepsCount":0}],"labels":[{"name":"story","value":"用户登录"},{"name":"feature","value":"登录"},{"name":"parentSuite","value":"testcases"},{"name":"suite","value":"TestLogin"},{"name":"subSuite","value":"TestLogin"},{"name":"host","value":"DESKTOP-6GEC1L5"},{"name":"thread","value":"7448-MainThread"},{"name":"framework","value":"pytest"},{"name":"language","value":"cpython3"},{"name":"package","value":"testcases.TestLogin"},{"name":"resultFormat","value":"allure2"}],"parameters":[{"name":"phone","value":"1234567807"},{"name":"pswd","value":"123456"}],"links":[],"hidden":true,"retry":true,"extra":{"categories":[],"tags":[]},"source":"c0896634774f302f.json","parameterValues":["1234567807","123456"]}